<?xml version="1.0" encoding="UTF-8" ?>
<testsuite tests="1" failures="0" name="tractor.test.HomeTest" time="0.801" errors="1" skipped="0">
  <properties>
[...]
</properties>
  <testcase classname="tractor.test.HomeTest" name="test" time="0.801">
    <error message="cn.weforward.protocol.exception.AuthException: 无效的access_id:" type="cn.weforward.protocol.client.execption.ServiceInvokeException">cn.weforward.protocol.client.execption.ServiceInvokeException: cn.weforward.protocol.exception.AuthException: 无效的access_id:
	at cn.weforward.protocol.client.SingleServiceInvoker.invoke(SingleServiceInvoker.java:120)
	at cn.weforward.protocol.client.DefaultServiceInvoker.invoke(DefaultServiceInvoker.java:120)
	at cn.weforward.protocol.client.AbstractServiceInvoker.invoke(AbstractServiceInvoker.java:48)
	at tractor.test.HomeTest.test(HomeTest.java:50)
	at java.base/jdk.internal.reflect.NativeMethodAccessorImpl.invoke0(Native Method)
	at java.base/jdk.internal.reflect.NativeMethodAccessorImpl.invoke(NativeMethodAccessorImpl.java:77)
	at java.base/jdk.internal.reflect.DelegatingMethodAccessorImpl.invoke(DelegatingMethodAccessorImpl.java:43)
	at java.base/java.lang.reflect.Method.invoke(Method.java:568)
	at org.junit.runners.model.FrameworkMethod$1.runReflectiveCall(FrameworkMethod.java:59)
	at org.junit.internal.runners.model.ReflectiveCallable.run(ReflectiveCallable.java:12)
	at org.junit.runners.model.FrameworkMethod.invokeExplosively(FrameworkMethod.java:56)
	at org.junit.internal.runners.statements.InvokeMethod.evaluate(InvokeMethod.java:17)
	at org.junit.internal.runners.statements.RunBefores.evaluate(RunBefores.java:26)
	at org.junit.runners.ParentRunner$3.evaluate(ParentRunner.java:306)
	at org.junit.runners.BlockJUnit4ClassRunner$1.evaluate(BlockJUnit4ClassRunner.java:100)
	at org.junit.runners.ParentRunner.runLeaf(ParentRunner.java:366)
	at org.junit.runners.BlockJUnit4ClassRunner.runChild(BlockJUnit4ClassRunner.java:103)
	at org.junit.runners.BlockJUnit4ClassRunner.runChild(BlockJUnit4ClassRunner.java:63)
	at org.junit.runners.ParentRunner$4.run(ParentRunner.java:331)
	at org.junit.runners.ParentRunner$1.schedule(ParentRunner.java:79)
	at org.junit.runners.ParentRunner.runChildren(ParentRunner.java:329)
	at org.junit.runners.ParentRunner.access$100(ParentRunner.java:66)
	at org.junit.runners.ParentRunner$2.evaluate(ParentRunner.java:293)
	at org.junit.runners.ParentRunner$3.evaluate(ParentRunner.java:306)
	at org.junit.runners.ParentRunner.run(ParentRunner.java:413)
	at org.apache.maven.surefire.junit4.JUnit4Provider.execute(JUnit4Provider.java:252)
	at org.apache.maven.surefire.junit4.JUnit4Provider.executeTestSet(JUnit4Provider.java:141)
	at org.apache.maven.surefire.junit4.JUnit4Provider.invoke(JUnit4Provider.java:112)
	at java.base/jdk.internal.reflect.NativeMethodAccessorImpl.invoke0(Native Method)
	at java.base/jdk.internal.reflect.NativeMethodAccessorImpl.invoke(NativeMethodAccessorImpl.java:77)
	at java.base/jdk.internal.reflect.DelegatingMethodAccessorImpl.invoke(DelegatingMethodAccessorImpl.java:43)
	at java.base/java.lang.reflect.Method.invoke(Method.java:568)
	at org.apache.maven.surefire.util.ReflectionUtils.invokeMethodWithArray(ReflectionUtils.java:189)
	at org.apache.maven.surefire.booter.ProviderFactory$ProviderProxy.invoke(ProviderFactory.java:165)
	at org.apache.maven.surefire.booter.ProviderFactory.invokeProvider(ProviderFactory.java:85)
	at org.apache.maven.surefire.booter.ForkedBooter.runSuitesInProcess(ForkedBooter.java:115)
	at org.apache.maven.surefire.booter.ForkedBooter.main(ForkedBooter.java:75)
Caused by: cn.weforward.protocol.exception.AuthException: 无效的access_id:
	at cn.weforward.protocol.auth.Auther.getAccess(Auther.java:144)
	at cn.weforward.protocol.auth.Auther.execute(Auther.java:104)
	at cn.weforward.protocol.auth.Auther.encode(Auther.java:158)
	at cn.weforward.protocol.support.SimpleProducer.make(SimpleProducer.java:146)
	at cn.weforward.protocol.client.HttpTransport.rpc(HttpTransport.java:107)
	at cn.weforward.protocol.client.SingleServiceInvoker.invoke(SingleServiceInvoker.java:118)
	... 36 more
</error>
    <system-out>16:28:11.538[main]ERROR cn.weforward.common.sys.Shutdown {shutdown-hook-init:3c407114,thread:{Thread[main,5,main]}}
</system-out>
  </testcase>
</testsuite>